# JRE version: OpenJDK Runtime Environment (21.0.7) (build 21.0.7+-13880790-b1038.58)
# Java VM: OpenJDK 64-Bit Server VM (21.0.7+-13880790-b1038.58, mixed mode, tiered, compressed oops, compressed class ptrs, g1 gc, windows-amd64)
GC Precious Log:
 CardTable entry size: 512
 Card Set container configuration: InlinePtr #cards 5 size 8 Array Of Cards #cards 12 size 40 Howl #buckets 4 coarsen threshold 1843 Howl Bitmap #cards 512 size 80 coarsen threshold 460 Card regions per heap region 1 cards per card region 2048
 CPUs: 12 total, 12 available
 Memory: 16069M
 Large Page Support: Disabled
 NUMA Support: Disabled
 Compressed Oops: Enabled (32-bit)
 Heap Region Size: 1M
 Heap Min Capacity: 8M
 Heap Initial Capacity: 252M
 Heap Max Capacity: 2G
 Pre-touch: Disabled
 Parallel Workers: 10
 Concurrent Workers: 3
 Concurrent Refinement Workers: 10
 Periodic GC: Disabled
Heap:
 garbage-first heap   total 88064K, used 48352K [0x0000000080000000, 0x0000000100000000)
  region size 1024K, 19 young (19456K), 5 survivors (5120K)
 Metaspace       used 48544K, committed 49664K, reserved 1114112K
  class space    used 6500K, committed 7040K, reserved 1048576K
GC Heap History (18 events):
Event: 0.485 GC heap before
{Heap before GC invocations=0 (full 0):
 garbage-first heap   total 258048K, used 22528K [0x0000000080000000, 0x0000000100000000)
  region size 1024K, 23 young (23552K), 0 survivors (0K)
 Metaspace       used 8086K, committed 8192K, reserved 1114112K
  class space    used 731K, committed 768K, reserved 1048576K
}
Event: 0.487 GC heap after
{Heap after GC invocations=1 (full 0):
 garbage-first heap   total 258048K, used 2367K [0x0000000080000000, 0x0000000100000000)
  region size 1024K, 3 young (3072K), 3 survivors (3072K)
 Metaspace       used 8086K, committed 8192K, reserved 1114112K
  class space    used 731K, committed 768K, reserved 1048576K
}
Event: 0.950 GC heap before
{Heap before GC invocations=1 (full 0):
 garbage-first heap   total 258048K, used 41279K [0x0000000080000000, 0x0000000100000000)
  region size 1024K, 39 young (39936K), 3 survivors (3072K)
 Metaspace       used 12337K, committed 12544K, reserved 1114112K
  class space    used 1320K, committed 1408K, reserved 1048576K
}
Event: 0.955 GC heap after
{Heap after GC invocations=2 (full 0):
 garbage-first heap   total 258048K, used 10616K [0x0000000080000000, 0x0000000100000000)
  region size 1024K, 5 young (5120K), 5 survivors (5120K)
 Metaspace       used 12337K, committed 12544K, reserved 1114112K
  class space    used 1320K, committed 1408K, reserved 1048576K
}
Event: 1.781 GC heap before
{Heap before GC invocations=2 (full 0):
 garbage-first heap   total 258048K, used 64888K [0x0000000080000000, 0x0000000100000000)
  region size 1024K, 56 young (57344K), 5 survivors (5120K)
 Metaspace       used 16402K, committed 16704K, reserved 1114112K
  class space    used 1860K, committed 1984K, reserved 1048576K
}
Event: 1.788 GC heap after
{Heap after GC invocations=3 (full 0):
 garbage-first heap   total 258048K, used 17926K [0x0000000080000000, 0x0000000100000000)
  region size 1024K, 6 young (6144K), 6 survivors (6144K)
 Metaspace       used 16402K, committed 16704K, reserved 1114112K
  class space    used 1860K, committed 1984K, reserved 1048576K
}
Event: 2.301 GC heap before
{Heap before GC invocations=3 (full 0):
 garbage-first heap   total 258048K, used 37382K [0x0000000080000000, 0x0000000100000000)
  region size 1024K, 26 young (26624K), 6 survivors (6144K)
 Metaspace       used 21256K, committed 21504K, reserved 1114112K
  class space    used 2495K, committed 2624K, reserved 1048576K
}
Event: 2.313 GC heap after
{Heap after GC invocations=4 (full 0):
 garbage-first heap   total 258048K, used 20119K [0x0000000080000000, 0x0000000100000000)
  region size 1024K, 9 young (9216K), 9 survivors (9216K)
 Metaspace       used 21256K, committed 21504K, reserved 1114112K
  class space    used 2495K, committed 2624K, reserved 1048576K
}
Event: 3.389 GC heap before
{Heap before GC invocations=5 (full 0):
 garbage-first heap   total 71680K, used 69271K [0x0000000080000000, 0x0000000100000000)
  region size 1024K, 58 young (59392K), 9 survivors (9216K)
 Metaspace       used 29270K, committed 29824K, reserved 1114112K
  class space    used 3778K, committed 4032K, reserved 1048576K
}
Event: 3.396 GC heap after
{Heap after GC invocations=6 (full 0):
 garbage-first heap   total 82944K, used 23002K [0x0000000080000000, 0x0000000100000000)
  region size 1024K, 11 young (11264K), 11 survivors (11264K)
 Metaspace       used 29270K, committed 29824K, reserved 1114112K
  class space    used 3778K, committed 4032K, reserved 1048576K
}
Event: 4.415 GC heap before
{Heap before GC invocations=6 (full 0):
 garbage-first heap   total 82944K, used 59866K [0x0000000080000000, 0x0000000100000000)
  region size 1024K, 48 young (49152K), 11 survivors (11264K)
 Metaspace       used 34004K, committed 34816K, reserved 1114112K
  class space    used 4604K, committed 4992K, reserved 1048576K
}
Event: 4.422 GC heap after
{Heap after GC invocations=7 (full 0):
 garbage-first heap   total 82944K, used 25310K [0x0000000080000000, 0x0000000100000000)
  region size 1024K, 6 young (6144K), 6 survivors (6144K)
 Metaspace       used 34004K, committed 34816K, reserved 1114112K
  class space    used 4604K, committed 4992K, reserved 1048576K
}
Event: 4.648 GC heap before
{Heap before GC invocations=7 (full 0):
 garbage-first heap   total 82944K, used 32478K [0x0000000080000000, 0x0000000100000000)
  region size 1024K, 14 young (14336K), 6 survivors (6144K)
 Metaspace       used 35203K, committed 35968K, reserved 1114112K
  class space    used 4780K, committed 5120K, reserved 1048576K
}
Event: 4.652 GC heap after
{Heap after GC invocations=8 (full 0):
 garbage-first heap   total 82944K, used 25713K [0x0000000080000000, 0x0000000100000000)
  region size 1024K, 4 young (4096K), 4 survivors (4096K)
 Metaspace       used 35203K, committed 35968K, reserved 1114112K
  class space    used 4780K, committed 5120K, reserved 1048576K
}
Event: 5.598 GC heap before
{Heap before GC invocations=9 (full 0):
 garbage-first heap   total 82944K, used 69745K [0x0000000080000000, 0x0000000100000000)
  region size 1024K, 48 young (49152K), 4 survivors (4096K)
 Metaspace       used 43762K, committed 44672K, reserved 1114112K
  class space    used 5869K, committed 6272K, reserved 1048576K
}
Event: 5.603 GC heap after
{Heap after GC invocations=10 (full 0):
 garbage-first heap   total 82944K, used 30168K [0x0000000080000000, 0x0000000100000000)
  region size 1024K, 6 young (6144K), 6 survivors (6144K)
 Metaspace       used 43762K, committed 44672K, reserved 1114112K
  class space    used 5869K, committed 6272K, reserved 1048576K
}
Event: 6.148 GC heap before
{Heap before GC invocations=10 (full 0):
 garbage-first heap   total 82944K, used 74200K [0x0000000080000000, 0x0000000100000000)
  region size 1024K, 45 young (46080K), 6 survivors (6144K)
 Metaspace       used 46996K, committed 48000K, reserved 1114112K
  class space    used 6229K, committed 6720K, reserved 1048576K
}
Event: 6.204 GC heap after
{Heap after GC invocations=11 (full 0):
 garbage-first heap   total 88064K, used 35040K [0x0000000080000000, 0x0000000100000000)
  region size 1024K, 5 young (5120K), 5 survivors (5120K)
 Metaspace       used 46996K, committed 48000K, reserved 1114112K
  class space    used 6229K, committed 6720K, reserved 1048576K
}

